
ROM used: 530 (6%)
          530 (6%) including unused fragments

          0 Average locations per line
          2 Average locations per statement

RAM used: 7 (2%) at main() level
          18 (5%) worst case

Stack used: 4 worst case (out of 8 total available)

Lines Stmts  %   Files
----- ----- ---  -----
   39    18   5  DAC.c
  411     0   0  C:\Program Files (x86)\PICC\devices\16F887.h
  249    88  26  C:\Program Files (x86)\PICC\drivers\lcd.h
 2104   238  69  C:\Program Files (x86)\PICC\drivers\math.h
----- -----
 2803   344 Total

Page ROM  %  RAM   Vol Diff  Functions:
---- --- --- ---   --- ----  ----------
0     21   4   1   858  7.4  @delay_ms1
0      8   2   0             @const207
0     58  11   2   594  4.3  lcd_init
 Inline        3   620  3.8  lcd_read_byte
0     49   9   2   204  3.2  lcd_read_nibble
0     87  16   3   313  3.4  lcd_send_byte
0     43   8   1   336  1.9  lcd_send_nibble
0     35   7   4   335  5.5  lcd_gotoxy
0     37   7   1   272  4.1  lcd_putc
0    120  23   1   434  2.3  MAIN
0     15   3   0   272  4.1  @const217
0     16   3   0    78  2.3  @const218
0     17   3   0   969  4.8  @const219
0     20   4   0             @const220

Program metrics:
    Functions               12
    Statements              344
    Comments                494
    Volume (V)              8492
    Difficilty (D)          47.3
    Effort to implement (E) 401536
    Time to implement (T)   6 hours, 12 minutes
    Est Delivered Bugs (B)  2
    Cyclomatic Complexity   26
    Maintainability (MI)    57

 Segment     Used  Free
-----------  ----  ----
00000-00003     4  0  
00004-007FF   526  1518  
00800-00FFF     0  2048  
01000-017FF     0  2048  
01800-01FFF     0  2048  



