
ROM used: 129 (2%)
          129 (2%) including unused fragments

          0 Average locations per line
          12 Average locations per statement

RAM used: 16 (4%) at main() level
          19 (5%) worst case

Stack used: 1 worst case (out of 6 total available)

Lines Stmts  %   Files
----- ----- ---  -----
   29    11 100  INTERRUPT.c
   21     0   0  INTERRUPT.h
  411     0   0  C:\Program Files (x86)\PICC\devices\16F887.h
----- -----
  461    11 Total

Page ROM  %  RAM   Vol Diff  Functions:
---- --- --- ---   --- ----  ----------
0     20  16   1             @delay_ms1
0     58  45   1   195  3.6  main

Program metrics:
    Functions               1
    Statements              11
    Comments                85
    Volume (V)              197
    Difficilty (D)          3.4
    Effort to implement (E) 670
    Time to implement (T)   1 minutes
    Est Delivered Bugs (B)  0
    Cyclomatic Complexity   1
    Maintainability (MI)    154

 Segment     Used  Free
-----------  ----  ----
00000-00003     4  0  
00004-00032    47  0  
00033-007FF    78  1919  
00800-00FFF     0  2048  
01000-017FF     0  2048  
01800-01FFF     0  2048  



