
ROM used: 246 (3%)
          246 (3%) including unused fragments

          0 Average locations per line
          7 Average locations per statement

RAM used: 20 (5%) at main() level
          22 (6%) worst case

Stack used: 1 worst case (out of 8 total available)

Lines Stmts  %   Files
----- ----- ---  -----
   73    35 100  week_6.c
   21     0   0  week_6.h
  411     0   0  C:\Program Files (x86)\PICC\devices\16F887.h
----- -----
  505    35 Total

Page ROM  %  RAM   Vol Diff  Functions:
---- --- --- ---   --- ----  ----------
0     20   8   1             @delay_ms1
0     47  19   2   278  5.5  IC_74hc595
0     25  10   0    67  1.2  IC_74HC595_Output
0    150  61   1   587  4.8  MAIN

Program metrics:
    Functions               3
    Statements              35
    Comments                85
    Volume (V)              1162
    Difficilty (D)          11.4
    Effort to implement (E) 13298
    Time to implement (T)   12 minutes
    Est Delivered Bugs (B)  0
    Cyclomatic Complexity   4
    Maintainability (MI)    146

 Segment     Used  Free
-----------  ----  ----
00000-00003     4  0  
00004-007FF   242  1802  
00800-00FFF     0  2048  
01000-017FF     0  2048  
01800-01FFF     0  2048  



